<?xml version="1.0" encoding="UTF-8"?>
<testng-results skipped="0" failed="0" ignored="0" total="1" passed="1">
  <reporter-output>
  </reporter-output>
  <suite name="Default suite" duration-ms="260626" started-at="2018-12-27T15:30:44Z" finished-at="2018-12-27T15:35:05Z">
    <groups>
    </groups>
    <test name="Default test" duration-ms="260626" started-at="2018-12-27T15:30:44Z" finished-at="2018-12-27T15:35:05Z">
      <class name="com.training.sanity.tests.RETC_031">
        <test-method status="PASS" signature="setUpBeforeClass()[pri:0, instance:com.training.sanity.tests.RETC_031@77caeb3e]" name="setUpBeforeClass" is-config="true" duration-ms="186682" started-at="2018-12-27T15:30:44Z" finished-at="2018-12-27T15:33:51Z">
          <reporter-output>
          </reporter-output>
        </test-method> <!-- setUpBeforeClass -->
        <test-method status="PASS" signature="validLoginTest()[pri:1, instance:com.training.sanity.tests.RETC_031@77caeb3e]" name="validLoginTest" duration-ms="72909" started-at="2018-12-27T15:33:51Z" finished-at="2018-12-27T15:35:04Z">
          <reporter-output>
          </reporter-output>
        </test-method> <!-- validLoginTest -->
        <test-method status="PASS" signature="tearDown()[pri:0, instance:com.training.sanity.tests.RETC_031@77caeb3e]" name="tearDown" is-config="true" duration-ms="1013" started-at="2018-12-27T15:35:04Z" finished-at="2018-12-27T15:35:05Z">
          <reporter-output>
          </reporter-output>
        </test-method> <!-- tearDown -->
      </class> <!-- com.training.sanity.tests.RETC_031 -->
    </test> <!-- Default test -->
  </suite> <!-- Default suite -->
</testng-results>
